mode: set
gitlab.com/mailru-go/lectures-2022-1/03/99_hw/coverage/client.go:69.80,73.19 2 1
gitlab.com/mailru-go/lectures-2022-1/03/99_hw/coverage/client.go:76.2,76.20 1 1
gitlab.com/mailru-go/lectures-2022-1/03/99_hw/coverage/client.go:79.2,79.20 1 1
gitlab.com/mailru-go/lectures-2022-1/03/99_hw/coverage/client.go:84.2,96.16 10 1
gitlab.com/mailru-go/lectures-2022-1/03/99_hw/coverage/client.go:102.2,105.25 3 1
gitlab.com/mailru-go/lectures-2022-1/03/99_hw/coverage/client.go:122.2,124.16 3 1
gitlab.com/mailru-go/lectures-2022-1/03/99_hw/coverage/client.go:128.2,129.28 2 1
gitlab.com/mailru-go/lectures-2022-1/03/99_hw/coverage/client.go:136.2,136.21 1 1
gitlab.com/mailru-go/lectures-2022-1/03/99_hw/coverage/client.go:73.19,75.3 1 1
gitlab.com/mailru-go/lectures-2022-1/03/99_hw/coverage/client.go:76.20,78.3 1 1
gitlab.com/mailru-go/lectures-2022-1/03/99_hw/coverage/client.go:79.20,81.3 1 1
gitlab.com/mailru-go/lectures-2022-1/03/99_hw/coverage/client.go:96.16,97.54 1 1
gitlab.com/mailru-go/lectures-2022-1/03/99_hw/coverage/client.go:100.3,100.50 1 1
gitlab.com/mailru-go/lectures-2022-1/03/99_hw/coverage/client.go:97.54,99.4 1 1
gitlab.com/mailru-go/lectures-2022-1/03/99_hw/coverage/client.go:106.31,107.44 1 1
gitlab.com/mailru-go/lectures-2022-1/03/99_hw/coverage/client.go:108.38,109.53 1 1
gitlab.com/mailru-go/lectures-2022-1/03/99_hw/coverage/client.go:110.29,113.17 3 1
gitlab.com/mailru-go/lectures-2022-1/03/99_hw/coverage/client.go:116.3,116.42 1 1
gitlab.com/mailru-go/lectures-2022-1/03/99_hw/coverage/client.go:119.3,119.73 1 1
gitlab.com/mailru-go/lectures-2022-1/03/99_hw/coverage/client.go:113.17,115.4 1 1
gitlab.com/mailru-go/lectures-2022-1/03/99_hw/coverage/client.go:116.42,118.4 1 1
gitlab.com/mailru-go/lectures-2022-1/03/99_hw/coverage/client.go:124.16,126.3 1 1
gitlab.com/mailru-go/lectures-2022-1/03/99_hw/coverage/client.go:129.28,132.3 2 1
gitlab.com/mailru-go/lectures-2022-1/03/99_hw/coverage/client.go:132.8,134.3 1 1
gitlab.com/mailru-go/lectures-2022-1/03/99_hw/coverage/server.go:29.59,30.51 1 1
gitlab.com/mailru-go/lectures-2022-1/03/99_hw/coverage/server.go:35.2,37.16 3 1
gitlab.com/mailru-go/lectures-2022-1/03/99_hw/coverage/server.go:48.2,50.16 3 1
gitlab.com/mailru-go/lectures-2022-1/03/99_hw/coverage/server.go:62.2,65.22 3 1
gitlab.com/mailru-go/lectures-2022-1/03/99_hw/coverage/server.go:83.2,85.16 3 1
gitlab.com/mailru-go/lectures-2022-1/03/99_hw/coverage/server.go:97.2,97.51 1 1
gitlab.com/mailru-go/lectures-2022-1/03/99_hw/coverage/server.go:102.2,108.16 5 1
gitlab.com/mailru-go/lectures-2022-1/03/99_hw/coverage/server.go:112.2,113.40 2 1
gitlab.com/mailru-go/lectures-2022-1/03/99_hw/coverage/server.go:123.2,123.18 1 1
gitlab.com/mailru-go/lectures-2022-1/03/99_hw/coverage/server.go:128.2,128.34 1 1
gitlab.com/mailru-go/lectures-2022-1/03/99_hw/coverage/server.go:152.2,154.30 2 1
gitlab.com/mailru-go/lectures-2022-1/03/99_hw/coverage/server.go:30.51,33.3 2 1
gitlab.com/mailru-go/lectures-2022-1/03/99_hw/coverage/server.go:37.16,41.17 4 1
gitlab.com/mailru-go/lectures-2022-1/03/99_hw/coverage/server.go:45.3,45.9 1 1
gitlab.com/mailru-go/lectures-2022-1/03/99_hw/coverage/server.go:41.17,43.4 1 0
gitlab.com/mailru-go/lectures-2022-1/03/99_hw/coverage/server.go:50.16,55.17 4 1
gitlab.com/mailru-go/lectures-2022-1/03/99_hw/coverage/server.go:59.3,59.9 1 1
gitlab.com/mailru-go/lectures-2022-1/03/99_hw/coverage/server.go:55.17,57.4 1 0
gitlab.com/mailru-go/lectures-2022-1/03/99_hw/coverage/server.go:65.22,67.3 1 1
gitlab.com/mailru-go/lectures-2022-1/03/99_hw/coverage/server.go:67.8,67.78 1 1
gitlab.com/mailru-go/lectures-2022-1/03/99_hw/coverage/server.go:67.78,71.27 3 1
gitlab.com/mailru-go/lectures-2022-1/03/99_hw/coverage/server.go:75.3,77.17 3 1
gitlab.com/mailru-go/lectures-2022-1/03/99_hw/coverage/server.go:80.3,80.9 1 1
gitlab.com/mailru-go/lectures-2022-1/03/99_hw/coverage/server.go:71.27,73.4 1 1
gitlab.com/mailru-go/lectures-2022-1/03/99_hw/coverage/server.go:77.17,79.4 1 0
gitlab.com/mailru-go/lectures-2022-1/03/99_hw/coverage/server.go:85.16,90.17 4 1
gitlab.com/mailru-go/lectures-2022-1/03/99_hw/coverage/server.go:94.3,94.9 1 1
gitlab.com/mailru-go/lectures-2022-1/03/99_hw/coverage/server.go:90.17,92.4 1 0
gitlab.com/mailru-go/lectures-2022-1/03/99_hw/coverage/server.go:97.51,100.3 2 1
gitlab.com/mailru-go/lectures-2022-1/03/99_hw/coverage/server.go:108.16,110.3 1 0
gitlab.com/mailru-go/lectures-2022-1/03/99_hw/coverage/server.go:113.40,121.3 1 1
gitlab.com/mailru-go/lectures-2022-1/03/99_hw/coverage/server.go:123.18,126.3 1 1
gitlab.com/mailru-go/lectures-2022-1/03/99_hw/coverage/server.go:128.34,132.41 3 1
gitlab.com/mailru-go/lectures-2022-1/03/99_hw/coverage/server.go:138.3,138.18 1 1
gitlab.com/mailru-go/lectures-2022-1/03/99_hw/coverage/server.go:132.41,134.4 1 1
gitlab.com/mailru-go/lectures-2022-1/03/99_hw/coverage/server.go:134.9,136.4 1 1
gitlab.com/mailru-go/lectures-2022-1/03/99_hw/coverage/server.go:138.18,139.31 1 1
gitlab.com/mailru-go/lectures-2022-1/03/99_hw/coverage/server.go:144.4,144.24 1 1
gitlab.com/mailru-go/lectures-2022-1/03/99_hw/coverage/server.go:139.31,140.82 1 1
gitlab.com/mailru-go/lectures-2022-1/03/99_hw/coverage/server.go:140.82,142.6 1 1
gitlab.com/mailru-go/lectures-2022-1/03/99_hw/coverage/server.go:147.8,150.3 2 1
gitlab.com/mailru-go/lectures-2022-1/03/99_hw/coverage/server.go:154.30,156.17 2 1
gitlab.com/mailru-go/lectures-2022-1/03/99_hw/coverage/server.go:156.17,158.4 1 0
gitlab.com/mailru-go/lectures-2022-1/03/99_hw/coverage/server.go:159.8,163.3 2 1
gitlab.com/mailru-go/lectures-2022-1/03/99_hw/coverage/server.go:167.75,169.18 1 1
gitlab.com/mailru-go/lectures-2022-1/03/99_hw/coverage/server.go:169.18,170.21 1 1
gitlab.com/mailru-go/lectures-2022-1/03/99_hw/coverage/server.go:171.15,172.34 1 1
gitlab.com/mailru-go/lectures-2022-1/03/99_hw/coverage/server.go:173.13,174.30 1 1
gitlab.com/mailru-go/lectures-2022-1/03/99_hw/coverage/server.go:175.11,176.32 1 1
gitlab.com/mailru-go/lectures-2022-1/03/99_hw/coverage/server.go:179.8,180.21 1 1
gitlab.com/mailru-go/lectures-2022-1/03/99_hw/coverage/server.go:181.15,182.34 1 1
gitlab.com/mailru-go/lectures-2022-1/03/99_hw/coverage/server.go:183.13,184.30 1 1
gitlab.com/mailru-go/lectures-2022-1/03/99_hw/coverage/server.go:185.11,186.32 1 1
gitlab.com/mailru-go/lectures-2022-1/03/99_hw/coverage/server.go:192.82,193.20 1 1
gitlab.com/mailru-go/lectures-2022-1/03/99_hw/coverage/server.go:196.2,198.55 3 1
gitlab.com/mailru-go/lectures-2022-1/03/99_hw/coverage/server.go:193.20,195.3 1 1
gitlab.com/mailru-go/lectures-2022-1/03/99_hw/coverage/server.go:201.84,205.31 4 1
gitlab.com/mailru-go/lectures-2022-1/03/99_hw/coverage/server.go:214.2,214.24 1 1
gitlab.com/mailru-go/lectures-2022-1/03/99_hw/coverage/server.go:217.2,217.24 1 1
gitlab.com/mailru-go/lectures-2022-1/03/99_hw/coverage/server.go:220.2,220.14 1 1
gitlab.com/mailru-go/lectures-2022-1/03/99_hw/coverage/server.go:205.31,206.43 1 1
gitlab.com/mailru-go/lectures-2022-1/03/99_hw/coverage/server.go:206.43,209.4 2 1
gitlab.com/mailru-go/lectures-2022-1/03/99_hw/coverage/server.go:209.9,212.4 2 1
gitlab.com/mailru-go/lectures-2022-1/03/99_hw/coverage/server.go:214.24,216.3 1 1
gitlab.com/mailru-go/lectures-2022-1/03/99_hw/coverage/server.go:217.24,219.3 1 1
